<?xml version="1.0" encoding="UTF-8"?>
<beans xmlns="http://www.springframework.org/schema/beans"
        xmlns:xsi="http://www.w3.org/2001/XMLSchema-instance" xmlns:aop="http://www.springframework.org/schema/aop"
        xmlns:context="http://www.springframework.org/schema/context" xmlns:p="http://www.springframework.org/schema/p"
        xmlns:tx="http://www.springframework.org/schema/tx" xmlns:util="http://www.springframework.org/schema/util"
		xmlns:jdbc="http://www.springframework.org/schema/jdbc"
        xsi:schemaLocation=
				"http://www.springframework.org/schema/beans http://www.springframework.org/schema/beans/spring-beans-3.0.xsd
                http://www.springframework.org/schema/aop http://www.springframework.org/schema/aop/spring-aop-3.0.xsd
                http://www.springframework.org/schema/context http://www.springframework.org/schema/context/spring-context-3.0.xsd
                http://www.springframework.org/schema/tx http://www.springframework.org/schema/tx/spring-tx-3.0.xsd
				http://www.springframework.org/schema/jdbc http://www.springframework.org/schema/jdbc/spring-jdbc-3.0.xsd
                http://www.springframework.org/schema/util http://www.springframework.org/schema/util/spring-util-3.0.xsd">

       
        <context:component-scan base-package="org.bpaye1.research.repository.internal" />
        
        <!--
                Activates various annotations to be detected in bean classes: Spring's
                @Required and @Autowired, as well as JSR 250's @PostConstruct,
                @PreDestroy and @Resource (if available) and JPA's @PersistenceContext
                and @PersistenceUnit (if available).
        -->
        <context:annotation-config />

        <!--
                Instruct Spring to perform declarative transaction management
                automatically on annotated classes.
        -->
        <tx:annotation-driven />

        <!-- Resource definitions -->
        <util:properties id="jdbcProperties" location="classpath:jdbc.properties" />

        <bean class="org.springframework.beans.factory.config.PropertyPlaceholderConfigurer"
                p:properties-ref="jdbcProperties" />

        <!-- Data Source -->
        <!--
		<bean id="dataSource" class="org.apache.commons.dbcp.BasicDataSource"
                destroy-method="close" p:driverClassName="${jdbc.driverClassName}"
                p:url="${jdbc.url}" p:username="${jdbc.username}" p:password="${jdbc.password}" />
		-->
		<!-- H2 Database -->
		<jdbc:embedded-database id="dataSource" type="H2">
	        <jdbc:script location="classpath:schema.sql"/>
    	</jdbc:embedded-database>
		
        <!--  JPA EntityManagerFactory -->
        <bean id="entityManagerFactory"
                class="org.springframework.orm.jpa.LocalContainerEntityManagerFactoryBean"
                p:dataSource-ref="dataSource" p:jpaProperties-ref="jdbcProperties">
                <property name="jpaVendorAdapter">
                        <bean class="org.springframework.orm.jpa.vendor.HibernateJpaVendorAdapter"
                                p:database="${jpa.database}" 								
								p:showSql="${jpa.showSql}"	/>
                </property>
        </bean>

        <!-- Transaction manager for a single JPA EntityManagerFactory -->
        <bean id="transactionManager" class="org.springframework.orm.jpa.JpaTransactionManager"
                p:entityManagerFactory-ref="entityManagerFactory" />
				
		
</beans>
